<?xml version="1.0" encoding="UTF-8"?>
<testsuite xmlns:xsi="http://www.w3.org/2001/XMLSchema-instance" xsi:noNamespaceSchemaLocation="https://maven.apache.org/surefire/maven-surefire-plugin/xsd/surefire-test-report-3.0.xsd" version="3.0" name="tek.bdd.guardians.runner.TestRunner" time="140.892" tests="21" errors="0" skipped="0" failures="0">
  <properties>
    <property name="sun.desktop" value="windows"/>
    <property name="awt.toolkit" value="sun.awt.windows.WToolkit"/>
    <property name="java.specification.version" value="11"/>
    <property name="sun.cpu.isalist" value="amd64"/>
    <property name="sun.jnu.encoding" value="Cp1252"/>
    <property name="java.class.path" value="C:\Users\amal_\eclipse-workspace\tek-bdd-capstone-guardians\target\test-classes;C:\Users\amal_\eclipse-workspace\tek-bdd-capstone-guardians\target\classes;C:\Users\amal_\.m2\repository\io\cucumber\cucumber-java\7.8.0\cucumber-java-7.8.0.jar;C:\Users\amal_\.m2\repository\io\cucumber\cucumber-core\7.8.0\cucumber-core-7.8.0.jar;C:\Users\amal_\.m2\repository\io\cucumber\cucumber-gherkin\7.8.0\cucumber-gherkin-7.8.0.jar;C:\Users\amal_\.m2\repository\io\cucumber\cucumber-gherkin-messages\7.8.0\cucumber-gherkin-messages-7.8.0.jar;C:\Users\amal_\.m2\repository\io\cucumber\gherkin\24.0.0\gherkin-24.0.0.jar;C:\Users\amal_\.m2\repository\io\cucumber\messages\19.1.2\messages-19.1.2.jar;C:\Users\amal_\.m2\repository\io\cucumber\tag-expressions\4.1.0\tag-expressions-4.1.0.jar;C:\Users\amal_\.m2\repository\io\cucumber\cucumber-expressions\16.0.0\cucumber-expressions-16.0.0.jar;C:\Users\amal_\.m2\repository\io\cucumber\datatable\7.8.0\datatable-7.8.0.jar;C:\Users\amal_\.m2\repository\io\cucumber\cucumber-plugin\7.8.0\cucumber-plugin-7.8.0.jar;C:\Users\amal_\.m2\repository\io\cucumber\docstring\7.8.0\docstring-7.8.0.jar;C:\Users\amal_\.m2\repository\io\cucumber\html-formatter\20.1.0\html-formatter-20.1.0.jar;C:\Users\amal_\.m2\repository\io\cucumber\ci-environment\9.1.0\ci-environment-9.1.0.jar;C:\Users\amal_\.m2\repository\org\apiguardian\apiguardian-api\1.1.2\apiguardian-api-1.1.2.jar;C:\Users\amal_\.m2\repository\io\cucumber\cucumber-junit\7.8.0\cucumber-junit-7.8.0.jar;C:\Users\amal_\.m2\repository\junit\junit\4.13.2\junit-4.13.2.jar;C:\Users\amal_\.m2\repository\org\hamcrest\hamcrest-core\1.3\hamcrest-core-1.3.jar;C:\Users\amal_\.m2\repository\org\seleniumhq\selenium\selenium-java\4.10.0\selenium-java-4.10.0.jar;C:\Users\amal_\.m2\repository\org\seleniumhq\selenium\selenium-api\4.10.0\selenium-api-4.10.0.jar;C:\Users\amal_\.m2\repository\org\seleniumhq\selenium\selenium-chrome-driver\4.10.0\selenium-chrome-driver-4.10.0.jar;C:\Users\amal_\.m2\repository\com\google\auto\service\auto-service-annotations\1.0.1\auto-service-annotations-1.0.1.jar;C:\Users\amal_\.m2\repository\com\google\auto\service\auto-service\1.0.1\auto-service-1.0.1.jar;C:\Users\amal_\.m2\repository\com\google\auto\auto-common\1.2\auto-common-1.2.jar;C:\Users\amal_\.m2\repository\com\google\guava\guava\31.1-jre\guava-31.1-jre.jar;C:\Users\amal_\.m2\repository\com\google\guava\failureaccess\1.0.1\failureaccess-1.0.1.jar;C:\Users\amal_\.m2\repository\com\google\guava\listenablefuture\9999.0-empty-to-avoid-conflict-with-guava\listenablefuture-9999.0-empty-to-avoid-conflict-with-guava.jar;C:\Users\amal_\.m2\repository\com\google\code\findbugs\jsr305\3.0.2\jsr305-3.0.2.jar;C:\Users\amal_\.m2\repository\org\checkerframework\checker-qual\3.12.0\checker-qual-3.12.0.jar;C:\Users\amal_\.m2\repository\com\google\errorprone\error_prone_annotations\2.11.0\error_prone_annotations-2.11.0.jar;C:\Users\amal_\.m2\repository\com\google\j2objc\j2objc-annotations\1.3\j2objc-annotations-1.3.jar;C:\Users\amal_\.m2\repository\org\seleniumhq\selenium\selenium-chromium-driver\4.10.0\selenium-chromium-driver-4.10.0.jar;C:\Users\amal_\.m2\repository\org\seleniumhq\selenium\selenium-json\4.10.0\selenium-json-4.10.0.jar;C:\Users\amal_\.m2\repository\org\seleniumhq\selenium\selenium-manager\4.10.0\selenium-manager-4.10.0.jar;C:\Users\amal_\.m2\repository\org\seleniumhq\selenium\selenium-devtools-v112\4.10.0\selenium-devtools-v112-4.10.0.jar;C:\Users\amal_\.m2\repository\org\seleniumhq\selenium\selenium-devtools-v113\4.10.0\selenium-devtools-v113-4.10.0.jar;C:\Users\amal_\.m2\repository\org\seleniumhq\selenium\selenium-devtools-v114\4.10.0\selenium-devtools-v114-4.10.0.jar;C:\Users\amal_\.m2\repository\org\seleniumhq\selenium\selenium-devtools-v85\4.10.0\selenium-devtools-v85-4.10.0.jar;C:\Users\amal_\.m2\repository\org\seleniumhq\selenium\selenium-edge-driver\4.10.0\selenium-edge-driver-4.10.0.jar;C:\Users\amal_\.m2\repository\org\seleniumhq\selenium\selenium-firefox-driver\4.10.0\selenium-firefox-driver-4.10.0.jar;C:\Users\amal_\.m2\repository\org\seleniumhq\selenium\selenium-http\4.10.0\selenium-http-4.10.0.jar;C:\Users\amal_\.m2\repository\dev\failsafe\failsafe\3.3.1\failsafe-3.3.1.jar;C:\Users\amal_\.m2\repository\org\seleniumhq\selenium\selenium-ie-driver\4.10.0\selenium-ie-driver-4.10.0.jar;C:\Users\amal_\.m2\repository\org\seleniumhq\selenium\selenium-remote-driver\4.10.0\selenium-remote-driver-4.10.0.jar;C:\Users\amal_\.m2\repository\io\netty\netty-buffer\4.1.92.Final\netty-buffer-4.1.92.Final.jar;C:\Users\amal_\.m2\repository\io\netty\netty-codec-http\4.1.92.Final\netty-codec-http-4.1.92.Final.jar;C:\Users\amal_\.m2\repository\io\netty\netty-codec\4.1.92.Final\netty-codec-4.1.92.Final.jar;C:\Users\amal_\.m2\repository\io\netty\netty-handler\4.1.92.Final\netty-handler-4.1.92.Final.jar;C:\Users\amal_\.m2\repository\io\netty\netty-common\4.1.92.Final\netty-common-4.1.92.Final.jar;C:\Users\amal_\.m2\repository\io\netty\netty-transport-classes-epoll\4.1.92.Final\netty-transport-classes-epoll-4.1.92.Final.jar;C:\Users\amal_\.m2\repository\io\netty\netty-transport-classes-kqueue\4.1.92.Final\netty-transport-classes-kqueue-4.1.92.Final.jar;C:\Users\amal_\.m2\repository\io\netty\netty-transport-native-epoll\4.1.92.Final\netty-transport-native-epoll-4.1.92.Final.jar;C:\Users\amal_\.m2\repository\io\netty\netty-transport-native-kqueue\4.1.92.Final\netty-transport-native-kqueue-4.1.92.Final.jar;C:\Users\amal_\.m2\repository\io\netty\netty-transport-native-unix-common\4.1.92.Final\netty-transport-native-unix-common-4.1.92.Final.jar;C:\Users\amal_\.m2\repository\io\netty\netty-transport\4.1.92.Final\netty-transport-4.1.92.Final.jar;C:\Users\amal_\.m2\repository\io\netty\netty-resolver\4.1.92.Final\netty-resolver-4.1.92.Final.jar;C:\Users\amal_\.m2\repository\io\opentelemetry\opentelemetry-api\1.26.0\opentelemetry-api-1.26.0.jar;C:\Users\amal_\.m2\repository\io\opentelemetry\opentelemetry-context\1.26.0\opentelemetry-context-1.26.0.jar;C:\Users\amal_\.m2\repository\io\opentelemetry\opentelemetry-exporter-logging\1.26.0\opentelemetry-exporter-logging-1.26.0.jar;C:\Users\amal_\.m2\repository\io\opentelemetry\opentelemetry-sdk-metrics\1.26.0\opentelemetry-sdk-metrics-1.26.0.jar;C:\Users\amal_\.m2\repository\io\opentelemetry\opentelemetry-extension-incubator\1.26.0-alpha\opentelemetry-extension-incubator-1.26.0-alpha.jar;C:\Users\amal_\.m2\repository\io\opentelemetry\opentelemetry-sdk-logs\1.26.0-alpha\opentelemetry-sdk-logs-1.26.0-alpha.jar;C:\Users\amal_\.m2\repository\io\opentelemetry\opentelemetry-api-logs\1.26.0-alpha\opentelemetry-api-logs-1.26.0-alpha.jar;C:\Users\amal_\.m2\repository\io\opentelemetry\opentelemetry-api-events\1.26.0-alpha\opentelemetry-api-events-1.26.0-alpha.jar;C:\Users\amal_\.m2\repository\io\opentelemetry\opentelemetry-sdk-common\1.26.0\opentelemetry-sdk-common-1.26.0.jar;C:\Users\amal_\.m2\repository\io\opentelemetry\opentelemetry-sdk-extension-autoconfigure-spi\1.26.0\opentelemetry-sdk-extension-autoconfigure-spi-1.26.0.jar;C:\Users\amal_\.m2\repository\io\opentelemetry\opentelemetry-sdk-extension-autoconfigure\1.26.0-alpha\opentelemetry-sdk-extension-autoconfigure-1.26.0-alpha.jar;C:\Users\amal_\.m2\repository\io\opentelemetry\opentelemetry-sdk-trace\1.26.0\opentelemetry-sdk-trace-1.26.0.jar;C:\Users\amal_\.m2\repository\io\opentelemetry\opentelemetry-sdk\1.26.0\opentelemetry-sdk-1.26.0.jar;C:\Users\amal_\.m2\repository\io\opentelemetry\opentelemetry-semconv\1.26.0-alpha\opentelemetry-semconv-1.26.0-alpha.jar;C:\Users\amal_\.m2\repository\net\bytebuddy\byte-buddy\1.14.4\byte-buddy-1.14.4.jar;C:\Users\amal_\.m2\repository\org\apache\commons\commons-exec\1.3\commons-exec-1.3.jar;C:\Users\amal_\.m2\repository\org\asynchttpclient\async-http-client\2.12.3\async-http-client-2.12.3.jar;C:\Users\amal_\.m2\repository\org\asynchttpclient\async-http-client-netty-utils\2.12.3\async-http-client-netty-utils-2.12.3.jar;C:\Users\amal_\.m2\repository\io\netty\netty-codec-socks\4.1.60.Final\netty-codec-socks-4.1.60.Final.jar;C:\Users\amal_\.m2\repository\io\netty\netty-handler-proxy\4.1.60.Final\netty-handler-proxy-4.1.60.Final.jar;C:\Users\amal_\.m2\repository\io\netty\netty-transport-native-epoll\4.1.60.Final\netty-transport-native-epoll-4.1.60.Final-linux-x86_64.jar;C:\Users\amal_\.m2\repository\io\netty\netty-transport-native-kqueue\4.1.60.Final\netty-transport-native-kqueue-4.1.60.Final-osx-x86_64.jar;C:\Users\amal_\.m2\repository\org\reactivestreams\reactive-streams\1.0.3\reactive-streams-1.0.3.jar;C:\Users\amal_\.m2\repository\com\typesafe\netty\netty-reactive-streams\2.0.4\netty-reactive-streams-2.0.4.jar;C:\Users\amal_\.m2\repository\com\sun\activation\jakarta.activation\1.2.2\jakarta.activation-1.2.2.jar;C:\Users\amal_\.m2\repository\org\seleniumhq\selenium\selenium-safari-driver\4.10.0\selenium-safari-driver-4.10.0.jar;C:\Users\amal_\.m2\repository\org\seleniumhq\selenium\selenium-support\4.10.0\selenium-support-4.10.0.jar;C:\Users\amal_\.m2\repository\io\github\bonigarcia\webdrivermanager\5.4.1\webdrivermanager-5.4.1.jar;C:\Users\amal_\.m2\repository\org\slf4j\slf4j-api\2.0.7\slf4j-api-2.0.7.jar;C:\Users\amal_\.m2\repository\com\google\code\gson\gson\2.10.1\gson-2.10.1.jar;C:\Users\amal_\.m2\repository\com\github\docker-java\docker-java\3.3.2\docker-java-3.3.2.jar;C:\Users\amal_\.m2\repository\com\github\docker-java\docker-java-core\3.3.2\docker-java-core-3.3.2.jar;C:\Users\amal_\.m2\repository\com\github\docker-java\docker-java-api\3.3.2\docker-java-api-3.3.2.jar;C:\Users\amal_\.m2\repository\com\fasterxml\jackson\core\jackson-annotations\2.10.3\jackson-annotations-2.10.3.jar;C:\Users\amal_\.m2\repository\com\fasterxml\jackson\core\jackson-databind\2.10.3\jackson-databind-2.10.3.jar;C:\Users\amal_\.m2\repository\com\fasterxml\jackson\core\jackson-core\2.10.3\jackson-core-2.10.3.jar;C:\Users\amal_\.m2\repository\org\bouncycastle\bcpkix-jdk15on\1.64\bcpkix-jdk15on-1.64.jar;C:\Users\amal_\.m2\repository\org\bouncycastle\bcprov-jdk15on\1.64\bcprov-jdk15on-1.64.jar;C:\Users\amal_\.m2\repository\org\slf4j\jcl-over-slf4j\1.7.30\jcl-over-slf4j-1.7.30.jar;C:\Users\amal_\.m2\repository\com\github\docker-java\docker-java-transport-httpclient5\3.3.2\docker-java-transport-httpclient5-3.3.2.jar;C:\Users\amal_\.m2\repository\com\github\docker-java\docker-java-transport\3.3.2\docker-java-transport-3.3.2.jar;C:\Users\amal_\.m2\repository\net\java\dev\jna\jna\5.12.1\jna-5.12.1.jar;C:\Users\amal_\.m2\repository\org\brotli\dec\0.1.2\dec-0.1.2.jar;C:\Users\amal_\.m2\repository\org\apache\commons\commons-lang3\3.12.0\commons-lang3-3.12.0.jar;C:\Users\amal_\.m2\repository\org\apache\httpcomponents\client5\httpclient5\5.2.1\httpclient5-5.2.1.jar;C:\Users\amal_\.m2\repository\org\apache\httpcomponents\core5\httpcore5\5.2\httpcore5-5.2.jar;C:\Users\amal_\.m2\repository\org\apache\httpcomponents\core5\httpcore5-h2\5.2\httpcore5-h2-5.2.jar;C:\Users\amal_\.m2\repository\org\apache\poi\poi\5.2.3\poi-5.2.3.jar;C:\Users\amal_\.m2\repository\commons-codec\commons-codec\1.15\commons-codec-1.15.jar;C:\Users\amal_\.m2\repository\org\apache\commons\commons-collections4\4.4\commons-collections4-4.4.jar;C:\Users\amal_\.m2\repository\org\apache\commons\commons-math3\3.6.1\commons-math3-3.6.1.jar;C:\Users\amal_\.m2\repository\com\zaxxer\SparseBitSet\1.2\SparseBitSet-1.2.jar;C:\Users\amal_\.m2\repository\org\apache\logging\log4j\log4j-api\2.18.0\log4j-api-2.18.0.jar;C:\Users\amal_\.m2\repository\org\apache\poi\poi-ooxml\5.2.3\poi-ooxml-5.2.3.jar;C:\Users\amal_\.m2\repository\org\apache\poi\poi-ooxml-lite\5.2.3\poi-ooxml-lite-5.2.3.jar;C:\Users\amal_\.m2\repository\org\apache\xmlbeans\xmlbeans\5.1.1\xmlbeans-5.1.1.jar;C:\Users\amal_\.m2\repository\org\apache\commons\commons-compress\1.21\commons-compress-1.21.jar;C:\Users\amal_\.m2\repository\com\github\virtuald\curvesapi\1.07\curvesapi-1.07.jar;C:\Users\amal_\.m2\repository\mysql\mysql-connector-java\8.0.30\mysql-connector-java-8.0.30.jar;C:\Users\amal_\.m2\repository\com\google\protobuf\protobuf-java\3.19.4\protobuf-java-3.19.4.jar;C:\Users\amal_\.m2\repository\commons-io\commons-io\2.11.0\commons-io-2.11.0.jar;C:\Users\amal_\.m2\repository\org\yaml\snakeyaml\1.33\snakeyaml-1.33.jar;C:\Users\amal_\.m2\repository\log4j\log4j\1.2.17\log4j-1.2.17.jar;C:\Users\amal_\.m2\repository\com\github\javafaker\javafaker\1.0.2\javafaker-1.0.2.jar;C:\Users\amal_\.m2\repository\org\yaml\snakeyaml\1.23\snakeyaml-1.23-android.jar;C:\Users\amal_\.m2\repository\com\github\mifmif\generex\1.0.2\generex-1.0.2.jar;C:\Users\amal_\.m2\repository\dk\brics\automaton\automaton\1.11-8\automaton-1.11-8.jar;"/>
    <property name="java.vm.vendor" value="Oracle Corporation"/>
    <property name="sun.arch.data.model" value="64"/>
    <property name="user.variant" value=""/>
    <property name="java.vendor.url" value="https://openjdk.java.net/"/>
    <property name="user.timezone" value="America/Havana"/>
    <property name="java.vm.specification.version" value="11"/>
    <property name="os.name" value="Windows 11"/>
    <property name="sun.java.launcher" value="SUN_STANDARD"/>
    <property name="user.country" value="US"/>
    <property name="sun.boot.library.path" value="C:\Program Files\Java\jdk-11.0.17\bin"/>
    <property name="sun.java.command" value="C:\Users\amal_\AppData\Local\Temp\surefire3810191113458506323\surefirebooter-20230901174553941_3.jar C:\Users\amal_\AppData\Local\Temp\surefire3810191113458506323 2023-09-01T17-45-53_630-jvmRun1 surefire-20230901174553941_1tmp surefire_0-20230901174553941_2tmp"/>
    <property name="jdk.debug" value="release"/>
    <property name="surefire.test.class.path" value="C:\Users\amal_\eclipse-workspace\tek-bdd-capstone-guardians\target\test-classes;C:\Users\amal_\eclipse-workspace\tek-bdd-capstone-guardians\target\classes;C:\Users\amal_\.m2\repository\io\cucumber\cucumber-java\7.8.0\cucumber-java-7.8.0.jar;C:\Users\amal_\.m2\repository\io\cucumber\cucumber-core\7.8.0\cucumber-core-7.8.0.jar;C:\Users\amal_\.m2\repository\io\cucumber\cucumber-gherkin\7.8.0\cucumber-gherkin-7.8.0.jar;C:\Users\amal_\.m2\repository\io\cucumber\cucumber-gherkin-messages\7.8.0\cucumber-gherkin-messages-7.8.0.jar;C:\Users\amal_\.m2\repository\io\cucumber\gherkin\24.0.0\gherkin-24.0.0.jar;C:\Users\amal_\.m2\repository\io\cucumber\messages\19.1.2\messages-19.1.2.jar;C:\Users\amal_\.m2\repository\io\cucumber\tag-expressions\4.1.0\tag-expressions-4.1.0.jar;C:\Users\amal_\.m2\repository\io\cucumber\cucumber-expressions\16.0.0\cucumber-expressions-16.0.0.jar;C:\Users\amal_\.m2\repository\io\cucumber\datatable\7.8.0\datatable-7.8.0.jar;C:\Users\amal_\.m2\repository\io\cucumber\cucumber-plugin\7.8.0\cucumber-plugin-7.8.0.jar;C:\Users\amal_\.m2\repository\io\cucumber\docstring\7.8.0\docstring-7.8.0.jar;C:\Users\amal_\.m2\repository\io\cucumber\html-formatter\20.1.0\html-formatter-20.1.0.jar;C:\Users\amal_\.m2\repository\io\cucumber\ci-environment\9.1.0\ci-environment-9.1.0.jar;C:\Users\amal_\.m2\repository\org\apiguardian\apiguardian-api\1.1.2\apiguardian-api-1.1.2.jar;C:\Users\amal_\.m2\repository\io\cucumber\cucumber-junit\7.8.0\cucumber-junit-7.8.0.jar;C:\Users\amal_\.m2\repository\junit\junit\4.13.2\junit-4.13.2.jar;C:\Users\amal_\.m2\repository\org\hamcrest\hamcrest-core\1.3\hamcrest-core-1.3.jar;C:\Users\amal_\.m2\repository\org\seleniumhq\selenium\selenium-java\4.10.0\selenium-java-4.10.0.jar;C:\Users\amal_\.m2\repository\org\seleniumhq\selenium\selenium-api\4.10.0\selenium-api-4.10.0.jar;C:\Users\amal_\.m2\repository\org\seleniumhq\selenium\selenium-chrome-driver\4.10.0\selenium-chrome-driver-4.10.0.jar;C:\Users\amal_\.m2\repository\com\google\auto\service\auto-service-annotations\1.0.1\auto-service-annotations-1.0.1.jar;C:\Users\amal_\.m2\repository\com\google\auto\service\auto-service\1.0.1\auto-service-1.0.1.jar;C:\Users\amal_\.m2\repository\com\google\auto\auto-common\1.2\auto-common-1.2.jar;C:\Users\amal_\.m2\repository\com\google\guava\guava\31.1-jre\guava-31.1-jre.jar;C:\Users\amal_\.m2\repository\com\google\guava\failureaccess\1.0.1\failureaccess-1.0.1.jar;C:\Users\amal_\.m2\repository\com\google\guava\listenablefuture\9999.0-empty-to-avoid-conflict-with-guava\listenablefuture-9999.0-empty-to-avoid-conflict-with-guava.jar;C:\Users\amal_\.m2\repository\com\google\code\findbugs\jsr305\3.0.2\jsr305-3.0.2.jar;C:\Users\amal_\.m2\repository\org\checkerframework\checker-qual\3.12.0\checker-qual-3.12.0.jar;C:\Users\amal_\.m2\repository\com\google\errorprone\error_prone_annotations\2.11.0\error_prone_annotations-2.11.0.jar;C:\Users\amal_\.m2\repository\com\google\j2objc\j2objc-annotations\1.3\j2objc-annotations-1.3.jar;C:\Users\amal_\.m2\repository\org\seleniumhq\selenium\selenium-chromium-driver\4.10.0\selenium-chromium-driver-4.10.0.jar;C:\Users\amal_\.m2\repository\org\seleniumhq\selenium\selenium-json\4.10.0\selenium-json-4.10.0.jar;C:\Users\amal_\.m2\repository\org\seleniumhq\selenium\selenium-manager\4.10.0\selenium-manager-4.10.0.jar;C:\Users\amal_\.m2\repository\org\seleniumhq\selenium\selenium-devtools-v112\4.10.0\selenium-devtools-v112-4.10.0.jar;C:\Users\amal_\.m2\repository\org\seleniumhq\selenium\selenium-devtools-v113\4.10.0\selenium-devtools-v113-4.10.0.jar;C:\Users\amal_\.m2\repository\org\seleniumhq\selenium\selenium-devtools-v114\4.10.0\selenium-devtools-v114-4.10.0.jar;C:\Users\amal_\.m2\repository\org\seleniumhq\selenium\selenium-devtools-v85\4.10.0\selenium-devtools-v85-4.10.0.jar;C:\Users\amal_\.m2\repository\org\seleniumhq\selenium\selenium-edge-driver\4.10.0\selenium-edge-driver-4.10.0.jar;C:\Users\amal_\.m2\repository\org\seleniumhq\selenium\selenium-firefox-driver\4.10.0\selenium-firefox-driver-4.10.0.jar;C:\Users\amal_\.m2\repository\org\seleniumhq\selenium\selenium-http\4.10.0\selenium-http-4.10.0.jar;C:\Users\amal_\.m2\repository\dev\failsafe\failsafe\3.3.1\failsafe-3.3.1.jar;C:\Users\amal_\.m2\repository\org\seleniumhq\selenium\selenium-ie-driver\4.10.0\selenium-ie-driver-4.10.0.jar;C:\Users\amal_\.m2\repository\org\seleniumhq\selenium\selenium-remote-driver\4.10.0\selenium-remote-driver-4.10.0.jar;C:\Users\amal_\.m2\repository\io\netty\netty-buffer\4.1.92.Final\netty-buffer-4.1.92.Final.jar;C:\Users\amal_\.m2\repository\io\netty\netty-codec-http\4.1.92.Final\netty-codec-http-4.1.92.Final.jar;C:\Users\amal_\.m2\repository\io\netty\netty-codec\4.1.92.Final\netty-codec-4.1.92.Final.jar;C:\Users\amal_\.m2\repository\io\netty\netty-handler\4.1.92.Final\netty-handler-4.1.92.Final.jar;C:\Users\amal_\.m2\repository\io\netty\netty-common\4.1.92.Final\netty-common-4.1.92.Final.jar;C:\Users\amal_\.m2\repository\io\netty\netty-transport-classes-epoll\4.1.92.Final\netty-transport-classes-epoll-4.1.92.Final.jar;C:\Users\amal_\.m2\repository\io\netty\netty-transport-classes-kqueue\4.1.92.Final\netty-transport-classes-kqueue-4.1.92.Final.jar;C:\Users\amal_\.m2\repository\io\netty\netty-transport-native-epoll\4.1.92.Final\netty-transport-native-epoll-4.1.92.Final.jar;C:\Users\amal_\.m2\repository\io\netty\netty-transport-native-kqueue\4.1.92.Final\netty-transport-native-kqueue-4.1.92.Final.jar;C:\Users\amal_\.m2\repository\io\netty\netty-transport-native-unix-common\4.1.92.Final\netty-transport-native-unix-common-4.1.92.Final.jar;C:\Users\amal_\.m2\repository\io\netty\netty-transport\4.1.92.Final\netty-transport-4.1.92.Final.jar;C:\Users\amal_\.m2\repository\io\netty\netty-resolver\4.1.92.Final\netty-resolver-4.1.92.Final.jar;C:\Users\amal_\.m2\repository\io\opentelemetry\opentelemetry-api\1.26.0\opentelemetry-api-1.26.0.jar;C:\Users\amal_\.m2\repository\io\opentelemetry\opentelemetry-context\1.26.0\opentelemetry-context-1.26.0.jar;C:\Users\amal_\.m2\repository\io\opentelemetry\opentelemetry-exporter-logging\1.26.0\opentelemetry-exporter-logging-1.26.0.jar;C:\Users\amal_\.m2\repository\io\opentelemetry\opentelemetry-sdk-metrics\1.26.0\opentelemetry-sdk-metrics-1.26.0.jar;C:\Users\amal_\.m2\repository\io\opentelemetry\opentelemetry-extension-incubator\1.26.0-alpha\opentelemetry-extension-incubator-1.26.0-alpha.jar;C:\Users\amal_\.m2\repository\io\opentelemetry\opentelemetry-sdk-logs\1.26.0-alpha\opentelemetry-sdk-logs-1.26.0-alpha.jar;C:\Users\amal_\.m2\repository\io\opentelemetry\opentelemetry-api-logs\1.26.0-alpha\opentelemetry-api-logs-1.26.0-alpha.jar;C:\Users\amal_\.m2\repository\io\opentelemetry\opentelemetry-api-events\1.26.0-alpha\opentelemetry-api-events-1.26.0-alpha.jar;C:\Users\amal_\.m2\repository\io\opentelemetry\opentelemetry-sdk-common\1.26.0\opentelemetry-sdk-common-1.26.0.jar;C:\Users\amal_\.m2\repository\io\opentelemetry\opentelemetry-sdk-extension-autoconfigure-spi\1.26.0\opentelemetry-sdk-extension-autoconfigure-spi-1.26.0.jar;C:\Users\amal_\.m2\repository\io\opentelemetry\opentelemetry-sdk-extension-autoconfigure\1.26.0-alpha\opentelemetry-sdk-extension-autoconfigure-1.26.0-alpha.jar;C:\Users\amal_\.m2\repository\io\opentelemetry\opentelemetry-sdk-trace\1.26.0\opentelemetry-sdk-trace-1.26.0.jar;C:\Users\amal_\.m2\repository\io\opentelemetry\opentelemetry-sdk\1.26.0\opentelemetry-sdk-1.26.0.jar;C:\Users\amal_\.m2\repository\io\opentelemetry\opentelemetry-semconv\1.26.0-alpha\opentelemetry-semconv-1.26.0-alpha.jar;C:\Users\amal_\.m2\repository\net\bytebuddy\byte-buddy\1.14.4\byte-buddy-1.14.4.jar;C:\Users\amal_\.m2\repository\org\apache\commons\commons-exec\1.3\commons-exec-1.3.jar;C:\Users\amal_\.m2\repository\org\asynchttpclient\async-http-client\2.12.3\async-http-client-2.12.3.jar;C:\Users\amal_\.m2\repository\org\asynchttpclient\async-http-client-netty-utils\2.12.3\async-http-client-netty-utils-2.12.3.jar;C:\Users\amal_\.m2\repository\io\netty\netty-codec-socks\4.1.60.Final\netty-codec-socks-4.1.60.Final.jar;C:\Users\amal_\.m2\repository\io\netty\netty-handler-proxy\4.1.60.Final\netty-handler-proxy-4.1.60.Final.jar;C:\Users\amal_\.m2\repository\io\netty\netty-transport-native-epoll\4.1.60.Final\netty-transport-native-epoll-4.1.60.Final-linux-x86_64.jar;C:\Users\amal_\.m2\repository\io\netty\netty-transport-native-kqueue\4.1.60.Final\netty-transport-native-kqueue-4.1.60.Final-osx-x86_64.jar;C:\Users\amal_\.m2\repository\org\reactivestreams\reactive-streams\1.0.3\reactive-streams-1.0.3.jar;C:\Users\amal_\.m2\repository\com\typesafe\netty\netty-reactive-streams\2.0.4\netty-reactive-streams-2.0.4.jar;C:\Users\amal_\.m2\repository\com\sun\activation\jakarta.activation\1.2.2\jakarta.activation-1.2.2.jar;C:\Users\amal_\.m2\repository\org\seleniumhq\selenium\selenium-safari-driver\4.10.0\selenium-safari-driver-4.10.0.jar;C:\Users\amal_\.m2\repository\org\seleniumhq\selenium\selenium-support\4.10.0\selenium-support-4.10.0.jar;C:\Users\amal_\.m2\repository\io\github\bonigarcia\webdrivermanager\5.4.1\webdrivermanager-5.4.1.jar;C:\Users\amal_\.m2\repository\org\slf4j\slf4j-api\2.0.7\slf4j-api-2.0.7.jar;C:\Users\amal_\.m2\repository\com\google\code\gson\gson\2.10.1\gson-2.10.1.jar;C:\Users\amal_\.m2\repository\com\github\docker-java\docker-java\3.3.2\docker-java-3.3.2.jar;C:\Users\amal_\.m2\repository\com\github\docker-java\docker-java-core\3.3.2\docker-java-core-3.3.2.jar;C:\Users\amal_\.m2\repository\com\github\docker-java\docker-java-api\3.3.2\docker-java-api-3.3.2.jar;C:\Users\amal_\.m2\repository\com\fasterxml\jackson\core\jackson-annotations\2.10.3\jackson-annotations-2.10.3.jar;C:\Users\amal_\.m2\repository\com\fasterxml\jackson\core\jackson-databind\2.10.3\jackson-databind-2.10.3.jar;C:\Users\amal_\.m2\repository\com\fasterxml\jackson\core\jackson-core\2.10.3\jackson-core-2.10.3.jar;C:\Users\amal_\.m2\repository\org\bouncycastle\bcpkix-jdk15on\1.64\bcpkix-jdk15on-1.64.jar;C:\Users\amal_\.m2\repository\org\bouncycastle\bcprov-jdk15on\1.64\bcprov-jdk15on-1.64.jar;C:\Users\amal_\.m2\repository\org\slf4j\jcl-over-slf4j\1.7.30\jcl-over-slf4j-1.7.30.jar;C:\Users\amal_\.m2\repository\com\github\docker-java\docker-java-transport-httpclient5\3.3.2\docker-java-transport-httpclient5-3.3.2.jar;C:\Users\amal_\.m2\repository\com\github\docker-java\docker-java-transport\3.3.2\docker-java-transport-3.3.2.jar;C:\Users\amal_\.m2\repository\net\java\dev\jna\jna\5.12.1\jna-5.12.1.jar;C:\Users\amal_\.m2\repository\org\brotli\dec\0.1.2\dec-0.1.2.jar;C:\Users\amal_\.m2\repository\org\apache\commons\commons-lang3\3.12.0\commons-lang3-3.12.0.jar;C:\Users\amal_\.m2\repository\org\apache\httpcomponents\client5\httpclient5\5.2.1\httpclient5-5.2.1.jar;C:\Users\amal_\.m2\repository\org\apache\httpcomponents\core5\httpcore5\5.2\httpcore5-5.2.jar;C:\Users\amal_\.m2\repository\org\apache\httpcomponents\core5\httpcore5-h2\5.2\httpcore5-h2-5.2.jar;C:\Users\amal_\.m2\repository\org\apache\poi\poi\5.2.3\poi-5.2.3.jar;C:\Users\amal_\.m2\repository\commons-codec\commons-codec\1.15\commons-codec-1.15.jar;C:\Users\amal_\.m2\repository\org\apache\commons\commons-collections4\4.4\commons-collections4-4.4.jar;C:\Users\amal_\.m2\repository\org\apache\commons\commons-math3\3.6.1\commons-math3-3.6.1.jar;C:\Users\amal_\.m2\repository\com\zaxxer\SparseBitSet\1.2\SparseBitSet-1.2.jar;C:\Users\amal_\.m2\repository\org\apache\logging\log4j\log4j-api\2.18.0\log4j-api-2.18.0.jar;C:\Users\amal_\.m2\repository\org\apache\poi\poi-ooxml\5.2.3\poi-ooxml-5.2.3.jar;C:\Users\amal_\.m2\repository\org\apache\poi\poi-ooxml-lite\5.2.3\poi-ooxml-lite-5.2.3.jar;C:\Users\amal_\.m2\repository\org\apache\xmlbeans\xmlbeans\5.1.1\xmlbeans-5.1.1.jar;C:\Users\amal_\.m2\repository\org\apache\commons\commons-compress\1.21\commons-compress-1.21.jar;C:\Users\amal_\.m2\repository\com\github\virtuald\curvesapi\1.07\curvesapi-1.07.jar;C:\Users\amal_\.m2\repository\mysql\mysql-connector-java\8.0.30\mysql-connector-java-8.0.30.jar;C:\Users\amal_\.m2\repository\com\google\protobuf\protobuf-java\3.19.4\protobuf-java-3.19.4.jar;C:\Users\amal_\.m2\repository\commons-io\commons-io\2.11.0\commons-io-2.11.0.jar;C:\Users\amal_\.m2\repository\org\yaml\snakeyaml\1.33\snakeyaml-1.33.jar;C:\Users\amal_\.m2\repository\log4j\log4j\1.2.17\log4j-1.2.17.jar;C:\Users\amal_\.m2\repository\com\github\javafaker\javafaker\1.0.2\javafaker-1.0.2.jar;C:\Users\amal_\.m2\repository\org\yaml\snakeyaml\1.23\snakeyaml-1.23-android.jar;C:\Users\amal_\.m2\repository\com\github\mifmif\generex\1.0.2\generex-1.0.2.jar;C:\Users\amal_\.m2\repository\dk\brics\automaton\automaton\1.11-8\automaton-1.11-8.jar;"/>
    <property name="sun.cpu.endian" value="little"/>
    <property name="user.home" value="C:\Users\amal_"/>
    <property name="user.language" value="en"/>
    <property name="java.specification.vendor" value="Oracle Corporation"/>
    <property name="java.version.date" value="2022-10-18"/>
    <property name="java.home" value="C:\Program Files\Java\jdk-11.0.17"/>
    <property name="file.separator" value="\"/>
    <property name="basedir" value="C:\Users\amal_\eclipse-workspace\tek-bdd-capstone-guardians"/>
    <property name="java.vm.compressedOopsMode" value="Zero based"/>
    <property name="line.separator" value="&#10;"/>
    <property name="java.specification.name" value="Java Platform API Specification"/>
    <property name="java.vm.specification.vendor" value="Oracle Corporation"/>
    <property name="java.awt.graphicsenv" value="sun.awt.Win32GraphicsEnvironment"/>
    <property name="surefire.real.class.path" value="C:\Users\amal_\AppData\Local\Temp\surefire3810191113458506323\surefirebooter-20230901174553941_3.jar"/>
    <property name="user.script" value=""/>
    <property name="sun.management.compiler" value="HotSpot 64-Bit Tiered Compilers"/>
    <property name="java.runtime.version" value="11.0.17+10-LTS-269"/>
    <property name="user.name" value="amal_"/>
    <property name="path.separator" value=";"/>
    <property name="os.version" value="10.0"/>
    <property name="java.runtime.name" value="Java(TM) SE Runtime Environment"/>
    <property name="file.encoding" value="Cp1252"/>
    <property name="java.vm.name" value="Java HotSpot(TM) 64-Bit Server VM"/>
    <property name="java.vendor.version" value="18.9"/>
    <property name="localRepository" value="C:\Users\amal_\.m2\repository"/>
    <property name="java.vendor.url.bug" value="https://bugreport.java.com/bugreport/"/>
    <property name="java.io.tmpdir" value="C:\Users\amal_\AppData\Local\Temp\"/>
    <property name="java.version" value="11.0.17"/>
    <property name="user.dir" value="C:\Users\amal_\eclipse-workspace\tek-bdd-capstone-guardians"/>
    <property name="os.arch" value="amd64"/>
    <property name="java.vm.specification.name" value="Java Virtual Machine Specification"/>
    <property name="java.awt.printerjob" value="sun.awt.windows.WPrinterJob"/>
    <property name="sun.os.patch.level" value=""/>
    <property name="java.library.path" value="C:\Program Files\Java\jdk-11.0.17\bin;C:\windows\Sun\Java\bin;C:\windows\system32;C:\windows;C:\Users\amal_\bin;C:\Program Files\Git\mingw64\bin;C:\Program Files\Git\usr\local\bin;C:\Program Files\Git\usr\bin;C:\Program Files\Git\usr\bin;C:\Program Files\Git\mingw64\bin;C:\Program Files\Git\usr\bin;C:\Users\amal_\bin;C:\Program Files\Common Files\Oracle\Java\javapath;C:\windows\system32;C:\windows;C:\windows\System32\Wbem;C:\windows\System32\WindowsPowerShell\v1.0;C:\windows\System32\OpenSSH;C:\Program Files\Java\jdk-11.0.17\bin;C:\apache-maven-3.9.2\bin;C:\Program Files\Git\cmd;C:\Users\amal_\AppData\Local\Microsoft\WindowsApps;C:\Program Files\Git\usr\bin\vendor_perl;C:\Program Files\Git\usr\bin\core_perl;."/>
    <property name="java.vendor" value="Oracle Corporation"/>
    <property name="java.vm.info" value="mixed mode"/>
    <property name="java.vm.version" value="11.0.17+10-LTS-269"/>
    <property name="sun.io.unicode.encoding" value="UnicodeLittle"/>
    <property name="java.class.version" value="55.0"/>
  </properties>
  <testcase name="Verify user can sign in into Retail Application" classname="Sign in Feature" time="5.269">
    <system-out><![CDATA[
@Regression @SignIn
Scenario: Verify user can sign in into Retail Application           # features/SignIn.feature:9
  Given User is on retail website                                   # tek.bdd.guardians.steps.SignInSteps.userIsOnRetailWebsite()
  When User click on Sign in option                                 # tek.bdd.guardians.steps.SignInSteps.userClickOnSignInOption()
  And User enter email 'amoul005@gmail.com' and password 'Amal123$' # tek.bdd.guardians.steps.SignInSteps.userEnterEmailAndPassword(java.lang.String,java.lang.String)
  And User click on login button                                    # tek.bdd.guardians.steps.SignInSteps.userClickOnLoginButton()
 INFO [main] (SignInSteps.java:52)- user logged in successfully
  Then User should be logged in into Account                        # tek.bdd.guardians.steps.SignInSteps.userShouldBeLoggedInIntoAccount()
]]></system-out>
    <system-err><![CDATA[SLF4J: No SLF4J providers were found.
SLF4J: Defaulting to no-operation (NOP) logger implementation
SLF4J: See https://www.slf4j.org/codes.html#noProviders for further details.
Sep 01, 2023 5:45:55 PM org.openqa.selenium.remote.service.DriverService$Builder getLogOutput
INFO: Driver logs no longer sent to console by default; https://www.selenium.dev/documentation/webdriver/drivers/service/#setting-log-output
ERROR StatusLogger Log4j2 could not find a logging implementation. Please add log4j-core to the classpath. Using SimpleLogger to log to the console...
]]></system-err>
  </testcase>
  <testcase name="Verify user can create an account into Retail Website" classname="Sign in Feature" time="6.671">
    <system-out><![CDATA[
@Regression @Register
Scenario: Verify user can create an account into Retail Website # features/SignIn.feature:15
  Given User is on retail website                               # tek.bdd.guardians.steps.SignInSteps.userIsOnRetailWebsite()
  When User click on Sign in option                             # tek.bdd.guardians.steps.SignInSteps.userClickOnSignInOption()
  And User click on Create New Account button                   # tek.bdd.guardians.steps.SignInSteps.userClickOnCreateNewAccountButton()
  And User fill the signUp information with below data          # tek.bdd.guardians.steps.SignInSteps.userFillTheSignUpInformationWithBelowData(io.cucumber.datatable.DataTable)
    | name | email              | password | confirmPassword |
    | amal | amoul005@gmail.com | Amal123@ | Amal123@        |
 INFO [main] (SignInSteps.java:94)- user click SigIn successfully
  And User click on SignUp button                               # tek.bdd.guardians.steps.SignInSteps.userClickOnSignUpButton()
 INFO [main] (SignInSteps.java:100)- user verify account successfully
  Then Verify user account is created                           # tek.bdd.guardians.steps.SignInSteps.verifyUserAccountIsCreated()
]]></system-out>
    <system-err><![CDATA[Sep 01, 2023 5:46:00 PM org.openqa.selenium.remote.service.DriverService$Builder getLogOutput
INFO: Driver logs no longer sent to console by default; https://www.selenium.dev/documentation/webdriver/drivers/service/#setting-log-output
]]></system-err>
  </testcase>
  <testcase name="Verify User can update Profile Information" classname="Retail Account Page" time="5.659">
    <system-out><![CDATA[
@Regression @updateProfile
Scenario: Verify User can update Profile Information                # features/retailAccount.feature:13
  Given User is on retail website                                   # tek.bdd.guardians.steps.SignInSteps.userIsOnRetailWebsite()
  When User click on Sign in option                                 # tek.bdd.guardians.steps.SignInSteps.userClickOnSignInOption()
  And User enter email 'amoul005@gmail.com' and password 'Amal123$' # tek.bdd.guardians.steps.SignInSteps.userEnterEmailAndPassword(java.lang.String,java.lang.String)
  And User click on login button                                    # tek.bdd.guardians.steps.SignInSteps.userClickOnLoginButton()
 INFO [main] (SignInSteps.java:52)- user logged in successfully
  And User should be logged in into Account                         # tek.bdd.guardians.steps.SignInSteps.userShouldBeLoggedInIntoAccount()
  When User click on Account option                                 # tek.bdd.guardians.steps.RetailAccountSteps.userClickOnAccountOption()
  And User update Name 'Amel Baher' and Phone '7033070987'          # tek.bdd.guardians.steps.RetailAccountSteps.userUpdateNameAndPhone(java.lang.String,java.lang.String)
  And User click on Update button                                   # tek.bdd.guardians.steps.RetailAccountSteps.userClickOnUpdateButton()
 INFO [main] (RetailAccountSteps.java:56)- Account Information Updated Successfully
  Then user profile information should be updated                   # tek.bdd.guardians.steps.RetailAccountSteps.userProfileInformationShouldBeUpdated()
]]></system-out>
    <system-err><![CDATA[Sep 01, 2023 5:46:06 PM org.openqa.selenium.remote.service.DriverService$Builder getLogOutput
INFO: Driver logs no longer sent to console by default; https://www.selenium.dev/documentation/webdriver/drivers/service/#setting-log-output
]]></system-err>
  </testcase>
  <testcase name="Verify User can add a payment method" classname="Retail Account Page" time="6.322">
    <system-out><![CDATA[
@Regression @addPayment
Scenario: Verify User can add a payment method                          # features/retailAccount.feature:19
  Given User is on retail website                                       # tek.bdd.guardians.steps.SignInSteps.userIsOnRetailWebsite()
  When User click on Sign in option                                     # tek.bdd.guardians.steps.SignInSteps.userClickOnSignInOption()
  And User enter email 'amoul005@gmail.com' and password 'Amal123$'     # tek.bdd.guardians.steps.SignInSteps.userEnterEmailAndPassword(java.lang.String,java.lang.String)
  And User click on login button                                        # tek.bdd.guardians.steps.SignInSteps.userClickOnLoginButton()
 INFO [main] (SignInSteps.java:52)- user logged in successfully
  And User should be logged in into Account                             # tek.bdd.guardians.steps.SignInSteps.userShouldBeLoggedInIntoAccount()
  When User click on Account option                                     # tek.bdd.guardians.steps.RetailAccountSteps.userClickOnAccountOption()
  And User click on Add a payment method link                           # tek.bdd.guardians.steps.RetailAccountSteps.userClickOnAddAPaymentMethodLink()
  And User fill Debit or credit card information                        # tek.bdd.guardians.steps.RetailAccountSteps.userFillDebitOrCreditCardInformation(io.cucumber.datatable.DataTable)
    | cardNumber       | nameOnCard  | expirationMonth | expirationYear | securityCode |
    | 1234503073765345 | Ahmed Azzam | 2               | 2025           | 678          |
  And User click on Add your card button                                # tek.bdd.guardians.steps.RetailAccountSteps.userClickOnAddYourCardButton()
 INFO [main] (RetailAccountSteps.java:103)- Payment Method added sucessfully
  Then a message should be displayed 'Payment Method added sucessfully' # tek.bdd.guardians.steps.RetailAccountSteps.aMessageShouldBeDisplayed(java.lang.String)
]]></system-out>
    <system-err><![CDATA[Sep 01, 2023 5:46:12 PM org.openqa.selenium.remote.service.DriverService$Builder getLogOutput
INFO: Driver logs no longer sent to console by default; https://www.selenium.dev/documentation/webdriver/drivers/service/#setting-log-output
]]></system-err>
  </testcase>
  <testcase name="Verify User can edit Debit or Credit card" classname="Retail Account Page" time="6.679">
    <system-out><![CDATA[
@Regression @editPayment
Scenario: Verify User can edit Debit or Credit card                    # features/retailAccount.feature:29
  Given User is on retail website                                      # tek.bdd.guardians.steps.SignInSteps.userIsOnRetailWebsite()
  When User click on Sign in option                                    # tek.bdd.guardians.steps.SignInSteps.userClickOnSignInOption()
  And User enter email 'amoul005@gmail.com' and password 'Amal123$'    # tek.bdd.guardians.steps.SignInSteps.userEnterEmailAndPassword(java.lang.String,java.lang.String)
  And User click on login button                                       # tek.bdd.guardians.steps.SignInSteps.userClickOnLoginButton()
 INFO [main] (SignInSteps.java:52)- user logged in successfully
  And User should be logged in into Account                            # tek.bdd.guardians.steps.SignInSteps.userShouldBeLoggedInIntoAccount()
  When User click on Account option                                    # tek.bdd.guardians.steps.RetailAccountSteps.userClickOnAccountOption()
  And User click on Edit option of card section                        # tek.bdd.guardians.steps.RetailAccountSteps.userClickOnEditOptionOfCardSection()
  And user edit information with below data                            # tek.bdd.guardians.steps.RetailAccountSteps.userEditInformationWithBelowData(io.cucumber.datatable.DataTable)
    | cardNumber      | nameOnCard     | expirationMonth | expirationYear | securityCode |
    | 234560337333234 | Chaimaa brahim | 2               | 2027           | 345          |
  And user click on Update Your Card button                            # tek.bdd.guardians.steps.RetailAccountSteps.userClickOnUpdateYourCardButton()
 INFO [main] (RetailAccountSteps.java:157)- Payment Method updated Successfully
  Then a message should  display 'Payment Method updated Successfully' # tek.bdd.guardians.steps.RetailAccountSteps.aMessageShouldDisplay(java.lang.String)
]]></system-out>
    <system-err><![CDATA[Sep 01, 2023 5:46:18 PM org.openqa.selenium.remote.service.DriverService$Builder getLogOutput
INFO: Driver logs no longer sent to console by default; https://www.selenium.dev/documentation/webdriver/drivers/service/#setting-log-output
]]></system-err>
  </testcase>
  <testcase name="Verify User can remove Debit or Credit card" classname="Retail Account Page" time="5.189">
    <system-out><![CDATA[
@Regression @removeCard
Scenario: Verify User can remove Debit or Credit card               # features/retailAccount.feature:38
  Given User is on retail website                                   # tek.bdd.guardians.steps.SignInSteps.userIsOnRetailWebsite()
  When User click on Sign in option                                 # tek.bdd.guardians.steps.SignInSteps.userClickOnSignInOption()
  And User enter email 'amoul005@gmail.com' and password 'Amal123$' # tek.bdd.guardians.steps.SignInSteps.userEnterEmailAndPassword(java.lang.String,java.lang.String)
  And User click on login button                                    # tek.bdd.guardians.steps.SignInSteps.userClickOnLoginButton()
 INFO [main] (SignInSteps.java:52)- user logged in successfully
  And User should be logged in into Account                         # tek.bdd.guardians.steps.SignInSteps.userShouldBeLoggedInIntoAccount()
  When User click on Account option                                 # tek.bdd.guardians.steps.RetailAccountSteps.userClickOnAccountOption()
  And User click on remove option of card section                   # tek.bdd.guardians.steps.RetailAccountSteps.userClickOnRemoveOptionOfCardSection()
 INFO [main] (RetailAccountSteps.java:174)- payment has been removed
  Then payment details should be removed                            # tek.bdd.guardians.steps.RetailAccountSteps.paymentDetailsShouldBeRemoved()
]]></system-out>
    <system-err><![CDATA[Sep 01, 2023 5:46:25 PM org.openqa.selenium.remote.service.DriverService$Builder getLogOutput
INFO: Driver logs no longer sent to console by default; https://www.selenium.dev/documentation/webdriver/drivers/service/#setting-log-output
]]></system-err>
  </testcase>
  <testcase name="Verify User can add an Address" classname="Retail Account Page" time="6.31">
    <system-out><![CDATA[
@Regression @addAddress
Scenario: Verify User can add an Address                            # features/retailAccount.feature:43
  Given User is on retail website                                   # tek.bdd.guardians.steps.SignInSteps.userIsOnRetailWebsite()
  When User click on Sign in option                                 # tek.bdd.guardians.steps.SignInSteps.userClickOnSignInOption()
  And User enter email 'amoul005@gmail.com' and password 'Amal123$' # tek.bdd.guardians.steps.SignInSteps.userEnterEmailAndPassword(java.lang.String,java.lang.String)
  And User click on login button                                    # tek.bdd.guardians.steps.SignInSteps.userClickOnLoginButton()
 INFO [main] (SignInSteps.java:52)- user logged in successfully
  And User should be logged in into Account                         # tek.bdd.guardians.steps.SignInSteps.userShouldBeLoggedInIntoAccount()
  When User click on Account option                                 # tek.bdd.guardians.steps.RetailAccountSteps.userClickOnAccountOption()
 INFO [main] (RetailAccountSteps.java:186)- Add Address Link was clicked successfully
  And User clicks on the Add address option                         # tek.bdd.guardians.steps.RetailAccountSteps.userClicksOnTheAddAddressOption()
 INFO [main] (RetailAccountSteps.java:211)- Address form was filled out successfully
  And user fills the new address form with below information        # tek.bdd.guardians.steps.RetailAccountSteps.userFillsTheNewAddressFormWithBelowInformation(io.cucumber.datatable.DataTable)
    | country  | fullName      | phoneNumber | streetAddress | apt      | city      | state      | zipCode      |
    | countryV | fullnameValue | PhoneV      | stAddress     | aptValue | cityValue | stateValue | zipCodeValue |
 INFO [main] (RetailAccountSteps.java:226)- Address Added Successfully
 INFO [main] (RetailAccountSteps.java:227)- Add Address Button was clicked successfully
  Then a message  displayed 'Address Added Successfully'            # tek.bdd.guardians.steps.RetailAccountSteps.aMessageDisplayed(java.lang.String)
]]></system-out>
    <system-err><![CDATA[Sep 01, 2023 5:46:30 PM org.openqa.selenium.remote.service.DriverService$Builder getLogOutput
INFO: Driver logs no longer sent to console by default; https://www.selenium.dev/documentation/webdriver/drivers/service/#setting-log-output
]]></system-err>
  </testcase>
  <testcase name="Verify User can edit an Address added on account" classname="Retail Account Page" time="5.911">
    <system-out><![CDATA[
@Regression @editAddress
Scenario: Verify User can edit an Address added on account                        # features/retailAccount.feature:51
  Given User is on retail website                                                 # tek.bdd.guardians.steps.SignInSteps.userIsOnRetailWebsite()
  When User click on Sign in option                                               # tek.bdd.guardians.steps.SignInSteps.userClickOnSignInOption()
  And User enter email 'amoul005@gmail.com' and password 'Amal123$'               # tek.bdd.guardians.steps.SignInSteps.userEnterEmailAndPassword(java.lang.String,java.lang.String)
  And User click on login button                                                  # tek.bdd.guardians.steps.SignInSteps.userClickOnLoginButton()
 INFO [main] (SignInSteps.java:52)- user logged in successfully
  And User should be logged in into Account                                       # tek.bdd.guardians.steps.SignInSteps.userShouldBeLoggedInIntoAccount()
  When User click on Account option                                               # tek.bdd.guardians.steps.RetailAccountSteps.userClickOnAccountOption()
 INFO [main] (RetailAccountSteps.java:236)- User clicked on Edit Address button
  And User click on edit address option                                           # tek.bdd.guardians.steps.RetailAccountSteps.userClickOnEditAddressOption()
 INFO [main] (RetailAccountSteps.java:267)- User filled the new address information
  And user fill new address form with below information                           # tek.bdd.guardians.steps.RetailAccountSteps.userFillNewAddressFormWithBelowInformation(io.cucumber.datatable.DataTable)
    | country       | fullName | phoneNumber | streetAddress | apt | city | state | zipCode |
    | United States | Chocho   | 2024576546  | 123 main st   | 2   | Dali | VA    | 22343   |
 INFO [main] (RetailAccountSteps.java:277)- User clicked on update address button
  And User click update Your Address button                                       # tek.bdd.guardians.steps.RetailAccountSteps.userClickUpdateYourAddressButton()
 INFO [main] (RetailAccountSteps.java:285)- User updated the address successfully
  Then a message should be displayed after editing 'Address Updated Successfully' # tek.bdd.guardians.steps.RetailAccountSteps.aMessageShouldBeDisplayedAfterEditing(java.lang.String)
]]></system-out>
    <system-err><![CDATA[Sep 01, 2023 5:46:36 PM org.openqa.selenium.remote.service.DriverService$Builder getLogOutput
INFO: Driver logs no longer sent to console by default; https://www.selenium.dev/documentation/webdriver/drivers/service/#setting-log-output
]]></system-err>
  </testcase>
  <testcase name="Verify User can remove Address from Account" classname="Retail Account Page" time="4.681">
    <system-out><![CDATA[
@Regression @removeAddress
Scenario: Verify User can remove Address from Account               # features/retailAccount.feature:60
  Given User is on retail website                                   # tek.bdd.guardians.steps.SignInSteps.userIsOnRetailWebsite()
  When User click on Sign in option                                 # tek.bdd.guardians.steps.SignInSteps.userClickOnSignInOption()
  And User enter email 'amoul005@gmail.com' and password 'Amal123$' # tek.bdd.guardians.steps.SignInSteps.userEnterEmailAndPassword(java.lang.String,java.lang.String)
  And User click on login button                                    # tek.bdd.guardians.steps.SignInSteps.userClickOnLoginButton()
 INFO [main] (SignInSteps.java:52)- user logged in successfully
  And User should be logged in into Account                         # tek.bdd.guardians.steps.SignInSteps.userShouldBeLoggedInIntoAccount()
  When User click on Account option                                 # tek.bdd.guardians.steps.RetailAccountSteps.userClickOnAccountOption()
 INFO [main] (RetailAccountSteps.java:297)- clicked on remove button
  And User click on remove option of Address section                # tek.bdd.guardians.steps.RetailAccountSteps.userClickOnRemoveOptionOfAddressSection()
  Then Address details should be removed                            # tek.bdd.guardians.steps.RetailAccountSteps.addressDetailsShouldBeRemoved()
]]></system-out>
    <system-err><![CDATA[Sep 01, 2023 5:46:42 PM org.openqa.selenium.remote.service.DriverService$Builder getLogOutput
INFO: Driver logs no longer sent to console by default; https://www.selenium.dev/documentation/webdriver/drivers/service/#setting-log-output
]]></system-err>
  </testcase>
  <testcase name="Verify Shop by Department sidebar" classname="Retail Home Page" time="3.948">
    <system-out><![CDATA[
@Regression @RetailHomePage
Scenario: Verify Shop by Department sidebar                                # features/retailHome.feature:9
  Given User is on retail website                                          # tek.bdd.guardians.steps.SignInSteps.userIsOnRetailWebsite()
  When User clicks on All section                                          # tek.bdd.guardians.steps.RetailHomeSteps.userClicksOnAllSection()
 INFO [main] (RetailHomeSteps.java:38)- Option Electronics is displayed
 INFO [main] (RetailHomeSteps.java:38)- Option Computers is displayed
 INFO [main] (RetailHomeSteps.java:38)- Option Smart Home is displayed
 INFO [main] (RetailHomeSteps.java:38)- Option Sports is displayed
 INFO [main] (RetailHomeSteps.java:38)- Option Automative is displayed
  Then the following options are present in the Shop by Department sidebar # tek.bdd.guardians.steps.RetailHomeSteps.theFollowingOptionsArePresentInTheShopByDepartmentSidebar(io.cucumber.datatable.DataTable)
    | Electronics | Computers | Smart Home | Sports | Automative |
]]></system-out>
    <system-err><![CDATA[Sep 01, 2023 5:46:47 PM org.openqa.selenium.remote.service.DriverService$Builder getLogOutput
INFO: Driver logs no longer sent to console by default; https://www.selenium.dev/documentation/webdriver/drivers/service/#setting-log-output
]]></system-err>
  </testcase>
  <testcase name="Verify department sidebar options #1" classname="Retail Home Page" time="3.97">
    <system-out><![CDATA[
@Regression @EachDepartment
Scenario Outline: Verify department sidebar options # features/retailHome.feature:21
  Given User is on retail website                   # tek.bdd.guardians.steps.SignInSteps.userIsOnRetailWebsite()
  When User clicks on All section                   # tek.bdd.guardians.steps.RetailHomeSteps.userClicksOnAllSection()
  And User on 'Electronics'                         # tek.bdd.guardians.steps.RetailHomeSteps.userOn(java.lang.String)
  Then below options are present in department      # tek.bdd.guardians.steps.RetailHomeSteps.belowOptionsArePresentInDepartment(io.cucumber.datatable.DataTable)
    | 'TV & Video' | 'Video Games' |
]]></system-out>
    <system-err><![CDATA[Sep 01, 2023 5:46:51 PM org.openqa.selenium.remote.service.DriverService$Builder getLogOutput
INFO: Driver logs no longer sent to console by default; https://www.selenium.dev/documentation/webdriver/drivers/service/#setting-log-output
]]></system-err>
  </testcase>
  <testcase name="Verify department sidebar options #2" classname="Retail Home Page" time="3.92">
    <system-out><![CDATA[
@Regression @EachDepartment
Scenario Outline: Verify department sidebar options # features/retailHome.feature:22
  Given User is on retail website                   # tek.bdd.guardians.steps.SignInSteps.userIsOnRetailWebsite()
  When User clicks on All section                   # tek.bdd.guardians.steps.RetailHomeSteps.userClicksOnAllSection()
  And User on 'Computers'                           # tek.bdd.guardians.steps.RetailHomeSteps.userOn(java.lang.String)
  Then below options are present in department      # tek.bdd.guardians.steps.RetailHomeSteps.belowOptionsArePresentInDepartment(io.cucumber.datatable.DataTable)
    | 'Accessories' | 'Networking' |
]]></system-out>
    <system-err><![CDATA[Sep 01, 2023 5:46:55 PM org.openqa.selenium.remote.service.DriverService$Builder getLogOutput
INFO: Driver logs no longer sent to console by default; https://www.selenium.dev/documentation/webdriver/drivers/service/#setting-log-output
]]></system-err>
  </testcase>
  <testcase name="Verify department sidebar options #3" classname="Retail Home Page" time="4.12">
    <system-out><![CDATA[
@Regression @EachDepartment
Scenario Outline: Verify department sidebar options # features/retailHome.feature:23
  Given User is on retail website                   # tek.bdd.guardians.steps.SignInSteps.userIsOnRetailWebsite()
  When User clicks on All section                   # tek.bdd.guardians.steps.RetailHomeSteps.userClicksOnAllSection()
  And User on 'Smart Home'                          # tek.bdd.guardians.steps.RetailHomeSteps.userOn(java.lang.String)
  Then below options are present in department      # tek.bdd.guardians.steps.RetailHomeSteps.belowOptionsArePresentInDepartment(io.cucumber.datatable.DataTable)
    | 'Smart Home Lightning' | 'Plugs and Outlets' |
]]></system-out>
    <system-err><![CDATA[Sep 01, 2023 5:46:59 PM org.openqa.selenium.remote.service.DriverService$Builder getLogOutput
INFO: Driver logs no longer sent to console by default; https://www.selenium.dev/documentation/webdriver/drivers/service/#setting-log-output
]]></system-err>
  </testcase>
  <testcase name="Verify department sidebar options #4" classname="Retail Home Page" time="4.171">
    <system-out><![CDATA[
@Regression @EachDepartment
Scenario Outline: Verify department sidebar options # features/retailHome.feature:24
  Given User is on retail website                   # tek.bdd.guardians.steps.SignInSteps.userIsOnRetailWebsite()
  When User clicks on All section                   # tek.bdd.guardians.steps.RetailHomeSteps.userClicksOnAllSection()
  And User on 'Sports'                              # tek.bdd.guardians.steps.RetailHomeSteps.userOn(java.lang.String)
  Then below options are present in department      # tek.bdd.guardians.steps.RetailHomeSteps.belowOptionsArePresentInDepartment(io.cucumber.datatable.DataTable)
    | 'Athletic Clothing' | 'Exercise & Fitness' |
]]></system-out>
    <system-err><![CDATA[Sep 01, 2023 5:47:03 PM org.openqa.selenium.remote.service.DriverService$Builder getLogOutput
INFO: Driver logs no longer sent to console by default; https://www.selenium.dev/documentation/webdriver/drivers/service/#setting-log-output
]]></system-err>
  </testcase>
  <testcase name="Verify department sidebar options #5" classname="Retail Home Page" time="4.101">
    <system-out><![CDATA[
@Regression @EachDepartment
Scenario Outline: Verify department sidebar options # features/retailHome.feature:25
  Given User is on retail website                   # tek.bdd.guardians.steps.SignInSteps.userIsOnRetailWebsite()
  When User clicks on All section                   # tek.bdd.guardians.steps.RetailHomeSteps.userClicksOnAllSection()
  And User on 'Automotive'                          # tek.bdd.guardians.steps.RetailHomeSteps.userOn(java.lang.String)
  Then below options are present in department      # tek.bdd.guardians.steps.RetailHomeSteps.belowOptionsArePresentInDepartment(io.cucumber.datatable.DataTable)
    | 'Automotive Parts & Accessories' | 'Motorcycle & Powersports' |
]]></system-out>
    <system-err><![CDATA[Sep 01, 2023 5:47:07 PM org.openqa.selenium.remote.service.DriverService$Builder getLogOutput
INFO: Driver logs no longer sent to console by default; https://www.selenium.dev/documentation/webdriver/drivers/service/#setting-log-output
]]></system-err>
  </testcase>
  <testcase name="Verify User can add an item to cart" classname="Retail Order Page" time="6.129">
    <system-out><![CDATA[
@Regression @addItems
Scenario: Verify User can add an item to cart                       # features/retailOrder.feature:12
  Given User is on retail website                                   # tek.bdd.guardians.steps.SignInSteps.userIsOnRetailWebsite()
  When User click on Sign in option                                 # tek.bdd.guardians.steps.SignInSteps.userClickOnSignInOption()
  And User enter email 'amoul005@gmail.com' and password 'Amal123$' # tek.bdd.guardians.steps.SignInSteps.userEnterEmailAndPassword(java.lang.String,java.lang.String)
  And User click on login button                                    # tek.bdd.guardians.steps.SignInSteps.userClickOnLoginButton()
 INFO [main] (SignInSteps.java:52)- user logged in successfully
  And User should be logged in into Account                         # tek.bdd.guardians.steps.SignInSteps.userShouldBeLoggedInIntoAccount()
 INFO [main] (RetailOrderSteps.java:20)- Category was selected successfully from dropdown
  And User change the category to 'Smart Home'                      # tek.bdd.guardians.steps.RetailOrderSteps.userChangeTheCategoryTo(java.lang.String)
 INFO [main] (RetailOrderSteps.java:28)- Item name was entered successfully
  And User search for an item 'kasa outdoor smart plug'             # tek.bdd.guardians.steps.RetailOrderSteps.userSearchForAnItem(java.lang.String)
 INFO [main] (RetailOrderSteps.java:35)- Search button was clicked successfully
  And User click on Search icon                                     # tek.bdd.guardians.steps.RetailOrderSteps.userClickOnSearchIcon()
 INFO [main] (RetailOrderSteps.java:42)- item was clicked successfully
  And User click on item                                            # tek.bdd.guardians.steps.RetailOrderSteps.userClickOnItem()
 INFO [main] (RetailOrderSteps.java:48)- item quantity was selected succcessfully
  And User select quantity '2'                                      # tek.bdd.guardians.steps.RetailOrderSteps.userSelectQuantity(java.lang.String)
 INFO [main] (RetailOrderSteps.java:54)- Add item to the cart button was clicked successfully
  And User click add to Cart button                                 # tek.bdd.guardians.steps.RetailOrderSteps.userClickAddToCartButton()
 INFO [main] (RetailOrderSteps.java:61)- Item qty in the cart was validated successfully
  And the cart icon quantity should change to '2'                   # tek.bdd.guardians.steps.RetailOrderSteps.theCartIconQuantityShouldChangeTo(java.lang.String)
  Then empty cart                                                   # tek.bdd.guardians.steps.RetailOrderSteps.emptyCart()
]]></system-out>
    <system-err><![CDATA[Sep 01, 2023 5:47:11 PM org.openqa.selenium.remote.service.DriverService$Builder getLogOutput
INFO: Driver logs no longer sent to console by default; https://www.selenium.dev/documentation/webdriver/drivers/service/#setting-log-output
]]></system-err>
  </testcase>
  <testcase name="Verify User can place an order with Shipping address and payment Method on file #1" classname="Retail Order Page" time="6.86">
    <system-out><![CDATA[
@Regression @placeOrder
Scenario: Verify User can place an order with Shipping address and payment Method on file # features/retailOrder.feature:23
  Given User is on retail website                                                         # tek.bdd.guardians.steps.SignInSteps.userIsOnRetailWebsite()
  When User click on Sign in option                                                       # tek.bdd.guardians.steps.SignInSteps.userClickOnSignInOption()
  And User enter email 'amoul005@gmail.com' and password 'Amal123$'                       # tek.bdd.guardians.steps.SignInSteps.userEnterEmailAndPassword(java.lang.String,java.lang.String)
  And User click on login button                                                          # tek.bdd.guardians.steps.SignInSteps.userClickOnLoginButton()
 INFO [main] (SignInSteps.java:52)- user logged in successfully
  And User should be logged in into Account                                               # tek.bdd.guardians.steps.SignInSteps.userShouldBeLoggedInIntoAccount()
 INFO [main] (RetailOrderSteps.java:81)- Category changed to electronics successfully
  And User change the category to 'Electronics' search for an item Apex Legends           # tek.bdd.guardians.steps.RetailOrderSteps.userChangeTheCategoryToSearchForAnItemApexLegends(java.lang.String)
 INFO [main] (RetailOrderSteps.java:89)- Item name was entered successfully
 INFO [main] (RetailOrderSteps.java:91)- Search button was clicked successfully
  And User search for an item 'Apex Legends' Apex Legends                                 # tek.bdd.guardians.steps.RetailOrderSteps.userSearchForAnItemApexLegends(java.lang.String)
 INFO [main] (RetailOrderSteps.java:100)- Item Apex Legends was clicked successfully
  And User click on Apex Legends item                                                     # tek.bdd.guardians.steps.RetailOrderSteps.userClickOnApexLegendsItem()
 INFO [main] (RetailOrderSteps.java:109)- Apex Legends qty was changed successfully
  And User select quantity '5' on Apex Legends                                            # tek.bdd.guardians.steps.RetailOrderSteps.userSelectQuantityOnApexLegends(java.lang.String)
 INFO [main] (RetailOrderSteps.java:54)- Add item to the cart button was clicked successfully
  And User click add to Cart button                                                       # tek.bdd.guardians.steps.RetailOrderSteps.userClickAddToCartButton()
 INFO [main] (RetailOrderSteps.java:117)- Item qty in the cart was validated successfully
  Then the cart icon quantity should change to '5' Apex Legends                           # tek.bdd.guardians.steps.RetailOrderSteps.theCartIconQuantityShouldChangeToApexLegends(java.lang.String)
 INFO [main] (RetailOrderSteps.java:126)- Cart Button was clicked successfully
  And User click on Cart option for Apex Legends                                          # tek.bdd.guardians.steps.RetailOrderSteps.userClickOnCartOptionForApexLegends()
 INFO [main] (RetailOrderSteps.java:135)- Proceed to check out button was clicked successfully
  And User click on Proceed to Checkout button                                            # tek.bdd.guardians.steps.RetailOrderSteps.userClickOnProceedToCheckoutButton()
 INFO [main] (RetailOrderSteps.java:142)- Place your order button was clicked successfully
  And User click on Place Your Order                                                      # tek.bdd.guardians.steps.RetailOrderSteps.userClickOnPlaceYourOrder()
 INFO [main] (RetailOrderSteps.java:152)- Order Placed Successfully
  Then a message should be displayed 'Order Placed Successfully' Apex Legends             # tek.bdd.guardians.steps.RetailOrderSteps.aMessageShouldBeDisplayedOrderPlacedThanks(java.lang.String)
]]></system-out>
    <system-err><![CDATA[Sep 01, 2023 5:47:17 PM org.openqa.selenium.remote.service.DriverService$Builder getLogOutput
INFO: Driver logs no longer sent to console by default; https://www.selenium.dev/documentation/webdriver/drivers/service/#setting-log-output
]]></system-err>
  </testcase>
  <testcase name="Verify User can cancel the order" classname="Retail Order Page" time="14.546">
    <system-out><![CDATA[
@Regression @cancelOrder
Scenario: Verify User can cancel the order                                       # features/retailOrder.feature:36
  Given User is on retail website                                                # tek.bdd.guardians.steps.SignInSteps.userIsOnRetailWebsite()
  When User click on Sign in option                                              # tek.bdd.guardians.steps.SignInSteps.userClickOnSignInOption()
  And User enter email 'amoul005@gmail.com' and password 'Amal123$'              # tek.bdd.guardians.steps.SignInSteps.userEnterEmailAndPassword(java.lang.String,java.lang.String)
  And User click on login button                                                 # tek.bdd.guardians.steps.SignInSteps.userClickOnLoginButton()
 INFO [main] (SignInSteps.java:52)- user logged in successfully
  And User should be logged in into Account                                      # tek.bdd.guardians.steps.SignInSteps.userShouldBeLoggedInIntoAccount()
 INFO [main] (RetailOrderSteps.java:160)- Order link was clicked successfully
  And User click on Orders section                                               # tek.bdd.guardians.steps.RetailOrderSteps.userClickOnOrdersSection()
 INFO [main] (RetailOrderSteps.java:174)- First order in the list of clicked
  And User click on first order in list                                          # tek.bdd.guardians.steps.RetailOrderSteps.userClickOnFirstOrderInList()
 INFO [main] (RetailOrderSteps.java:182)- Order Cancel button was clicked
  And User click on Cancel The Order button                                      # tek.bdd.guardians.steps.RetailOrderSteps.userClickOnCancelTheOrderButton()
 INFO [main] (RetailOrderSteps.java:189)- Cancelation reason was selected
  And User select the cancelation Reason 'Bought wrong item'                     # tek.bdd.guardians.steps.RetailOrderSteps.userSelectTheCancelationReason(java.lang.String)
 INFO [main] (RetailOrderSteps.java:195)- Cancel Submit Button was clicked successfully
  And User click on Cancel Order button                                          # tek.bdd.guardians.steps.RetailOrderSteps.userClickOnCancelOrderButton()
 INFO [main] (RetailOrderSteps.java:204)- Cancelation success message was verified successfully
  Then a cancelation message should be displayed 'Your Order Has Been Cancelled' # tek.bdd.guardians.steps.RetailOrderSteps.aCancelationMessageShouldBeDisplayed(java.lang.String)
]]></system-out>
    <system-err><![CDATA[Sep 01, 2023 5:47:24 PM org.openqa.selenium.remote.service.DriverService$Builder getLogOutput
INFO: Driver logs no longer sent to console by default; https://www.selenium.dev/documentation/webdriver/drivers/service/#setting-log-output
]]></system-err>
  </testcase>
  <testcase name="Verify User can place an order with Shipping address and payment Method on file #2" classname="Retail Order Page" time="6.264">
    <system-out><![CDATA[
@Regression @ExtraAdded
Scenario: Verify User can place an order with Shipping address and payment Method on file # features/retailOrder.feature:45
  Given User is on retail website                                                         # tek.bdd.guardians.steps.SignInSteps.userIsOnRetailWebsite()
  When User click on Sign in option                                                       # tek.bdd.guardians.steps.SignInSteps.userClickOnSignInOption()
  And User enter email 'amoul005@gmail.com' and password 'Amal123$'                       # tek.bdd.guardians.steps.SignInSteps.userEnterEmailAndPassword(java.lang.String,java.lang.String)
  And User click on login button                                                          # tek.bdd.guardians.steps.SignInSteps.userClickOnLoginButton()
 INFO [main] (SignInSteps.java:52)- user logged in successfully
  And User should be logged in into Account                                               # tek.bdd.guardians.steps.SignInSteps.userShouldBeLoggedInIntoAccount()
 INFO [main] (RetailOrderSteps.java:212)- Item name was entered successfully
 INFO [main] (RetailOrderSteps.java:214)- Search button was clicked successfully
  Then User search for item named 'Cleaning Gel'                                          # tek.bdd.guardians.steps.RetailOrderSteps.userSearchForItemNamed(java.lang.String)
 INFO [main] (RetailOrderSteps.java:35)- Search button was clicked successfully
  And User click on Search icon                                                           # tek.bdd.guardians.steps.RetailOrderSteps.userClickOnSearchIcon()
 INFO [main] (RetailOrderSteps.java:219)- Cleaning Gel added successfully
  And User click on item Cleaning                                                         # tek.bdd.guardians.steps.RetailOrderSteps.userClickOnItemCleaning()
 INFO [main] (RetailOrderSteps.java:54)- Add item to the cart button was clicked successfully
  And User click add to Cart button                                                       # tek.bdd.guardians.steps.RetailOrderSteps.userClickAddToCartButton()
 INFO [main] (RetailOrderSteps.java:236)- successfully added
  And User click on Cart option                                                           # tek.bdd.guardians.steps.RetailOrderSteps.userClickOnCartOption()
 INFO [main] (RetailOrderSteps.java:126)- Cart Button was clicked successfully
  And User click on Cart option for Apex Legends                                          # tek.bdd.guardians.steps.RetailOrderSteps.userClickOnCartOptionForApexLegends()
 INFO [main] (RetailOrderSteps.java:135)- Proceed to check out button was clicked successfully
  And User click on Proceed to Checkout button                                            # tek.bdd.guardians.steps.RetailOrderSteps.userClickOnProceedToCheckoutButton()
 INFO [main] (RetailOrderSteps.java:142)- Place your order button was clicked successfully
  And User click on Place Your Order                                                      # tek.bdd.guardians.steps.RetailOrderSteps.userClickOnPlaceYourOrder()
]]></system-out>
    <system-err><![CDATA[Sep 01, 2023 5:47:39 PM org.openqa.selenium.remote.service.DriverService$Builder getLogOutput
INFO: Driver logs no longer sent to console by default; https://www.selenium.dev/documentation/webdriver/drivers/service/#setting-log-output
]]></system-err>
  </testcase>
  <testcase name="Verify User can Return the order" classname="Retail Order Page" time="14.655">
    <system-out><![CDATA[
@Regression @returnOrder
Scenario: Verify User can Return the order                            # features/retailOrder.feature:56
  Given User is on retail website                                     # tek.bdd.guardians.steps.SignInSteps.userIsOnRetailWebsite()
  When User click on Sign in option                                   # tek.bdd.guardians.steps.SignInSteps.userClickOnSignInOption()
  And User enter email 'amoul005@gmail.com' and password 'Amal123$'   # tek.bdd.guardians.steps.SignInSteps.userEnterEmailAndPassword(java.lang.String,java.lang.String)
  And User click on login button                                      # tek.bdd.guardians.steps.SignInSteps.userClickOnLoginButton()
 INFO [main] (SignInSteps.java:52)- user logged in successfully
  And User should be logged in into Account                           # tek.bdd.guardians.steps.SignInSteps.userShouldBeLoggedInIntoAccount()
 INFO [main] (RetailOrderSteps.java:260)- clicked successfully
  And User click on Orders section for return                         # tek.bdd.guardians.steps.RetailOrderSteps.userClickOnOrdersSectionForReturn()
 INFO [main] (RetailOrderSteps.java:274)- First order in the list of clicked
  And User click on the first order in list                           # tek.bdd.guardians.steps.RetailOrderSteps.userClickOnTheFirstOrderInList()
  And User click on Return Items button                               # tek.bdd.guardians.steps.RetailOrderSteps.userClickOnReturnItemsButton()
 INFO [main] (RetailOrderSteps.java:286)- Cancelation reason was selected
  And User select the Return Reason 'Item damaged'                    # tek.bdd.guardians.steps.RetailOrderSteps.userSelectTheReturnReason(java.lang.String)
 INFO [main] (RetailOrderSteps.java:295)- Dropp Off was selected
  And User select the drop off service 'FedEx'                        # tek.bdd.guardians.steps.RetailOrderSteps.userSelectTheDropOffService(java.lang.String)
 INFO [main] (RetailOrderSteps.java:303)- Return Order button was clicked
  And User click on Return Order button                               # tek.bdd.guardians.steps.RetailOrderSteps.userClickOnReturnOrderButton()
 INFO [main] (RetailOrderSteps.java:315)- Return was successfull
  Then a cancelation message should  display 'Return was successfull' # tek.bdd.guardians.steps.RetailOrderSteps.aCancelationMessageShouldDisplay(java.lang.String)
]]></system-out>
    <system-err><![CDATA[Sep 01, 2023 5:47:45 PM org.openqa.selenium.remote.service.DriverService$Builder getLogOutput
INFO: Driver logs no longer sent to console by default; https://www.selenium.dev/documentation/webdriver/drivers/service/#setting-log-output
]]></system-err>
  </testcase>
  <testcase name="Verify User can write a review on order placed" classname="Retail Order Page" time="14.877">
    <system-out><![CDATA[
@Regression @Review
Scenario: Verify User can write a review on order placed                         # features/retailOrder.feature:66
  Given User is on retail website                                                # tek.bdd.guardians.steps.SignInSteps.userIsOnRetailWebsite()
  When User click on Sign in option                                              # tek.bdd.guardians.steps.SignInSteps.userClickOnSignInOption()
  And User enter email 'amoul005@gmail.com' and password 'Amal123$'              # tek.bdd.guardians.steps.SignInSteps.userEnterEmailAndPassword(java.lang.String,java.lang.String)
  And User click on login button                                                 # tek.bdd.guardians.steps.SignInSteps.userClickOnLoginButton()
 INFO [main] (SignInSteps.java:52)- user logged in successfully
  And User should be logged in into Account                                      # tek.bdd.guardians.steps.SignInSteps.userShouldBeLoggedInIntoAccount()
 INFO [main] (RetailOrderSteps.java:327)- Order link was clicked successfully
  And User click on Orders section for review                                    # tek.bdd.guardians.steps.RetailOrderSteps.userClickOnOrdersSectionForReview()
 INFO [main] (RetailOrderSteps.java:341)- First order in the list of clicked
  And User click on first order in the list                                      # tek.bdd.guardians.steps.RetailOrderSteps.userClickOnFirstOrderInTheList()
  And User click on Review button                                                # tek.bdd.guardians.steps.RetailOrderSteps.userClickOnReviewButton()
  And User write Review headline 'Great Product' and 'Excelent condition'        # tek.bdd.guardians.steps.RetailOrderSteps.userWriteReviewHeadlineAnd(java.lang.String,java.lang.String)
  And User click Add your Review button                                          # tek.bdd.guardians.steps.RetailOrderSteps.userClickAddYourReviewButton()
 INFO [main] (RetailOrderSteps.java:370)- Your review was added successfully
  Then a review message should be displayed 'Your review was added successfully' # tek.bdd.guardians.steps.RetailOrderSteps.aReviewMessageShouldBeDisplayed(java.lang.String)
]]></system-out>
    <system-err><![CDATA[Sep 01, 2023 5:48:00 PM org.openqa.selenium.remote.service.DriverService$Builder getLogOutput
INFO: Driver logs no longer sent to console by default; https://www.selenium.dev/documentation/webdriver/drivers/service/#setting-log-output
]]></system-err>
  </testcase>
</testsuite>